-------------------------------------------------------------------------------
Test set: runner.Runner
-------------------------------------------------------------------------------
Tests run: 4, Failures: 1, Errors: 0, Skipped: 0, Time elapsed: 57.728 s <<< FAILURE! - in runner.Runner
Validate adding new order(Validate smartbearSoftware website)  Time elapsed: 16.355 s  <<< FAILURE!
org.junit.ComparisonFailure: expected:<02/2[7]/2023> but was:<02/2[8]/2023>

